Command line invocation:
    /Applications/Xcode.app/Contents/Developer/usr/bin/xcodebuild build -scheme WWFChallenge7 -destination id=ADF4F217-EC81-40A1-955C-3FB0EEB79194

2026-05-15 14:17:34.070 xcodebuild[60690:1936325] [MT] IDERunDestination: Supported platforms for the buildables in the current scheme is empty.
ComputePackagePrebuildTargetDependencyGraph

Prepare packages

CreateBuildRequest

SendProjectDescription

CreateBuildOperation

ComputeTargetDependencyGraph
note: Building targets in dependency order
note: Target dependency graph (1 target)
    Target 'WWFChallenge7' in project 'WWFChallenge7' (no dependencies)

GatherProvisioningInputs

CreateBuildDescription

ExecuteExternalTool /Applications/Xcode.app/Contents/Developer/Toolchains/XcodeDefault.xctoolchain/usr/bin/clang -v -E -dM -isysroot /Applications/Xcode.app/Contents/Developer/Platforms/iPhoneSimulator.platform/Developer/SDKs/iPhoneSimulator26.0.sdk -x c -c /dev/null

ExecuteExternalTool /Applications/Xcode.app/Contents/Developer/usr/bin/actool --print-asset-tag-combinations --output-format xml1 /Users/lucapagano/Desktop/WWFUserAndManaging/AppUserWWF/WWFChallenge7/Assets.xcassets

ExecuteExternalTool /Applications/Xcode.app/Contents/Developer/usr/bin/actool --version --output-format xml1

ExecuteExternalTool /Applications/Xcode.app/Contents/Developer/Toolchains/XcodeDefault.xctoolchain/usr/bin/swiftc --version

ExecuteExternalTool /Applications/Xcode.app/Contents/Developer/Toolchains/XcodeDefault.xctoolchain/usr/bin/ld -version_details

Build description signature: a30b8270c8bcb9a67750b577f41a091b
Build description path: /Users/lucapagano/Library/Developer/Xcode/DerivedData/WWFChallenge7-cfydqwbbzpiusnddzyowdqjkiwqg/Build/Intermediates.noindex/XCBuildData/a30b8270c8bcb9a67750b577f41a091b.xcbuilddata
ProcessProductPackaging "" /Users/lucapagano/Library/Developer/Xcode/DerivedData/WWFChallenge7-cfydqwbbzpiusnddzyowdqjkiwqg/Build/Intermediates.noindex/WWFChallenge7.build/Debug-iphonesimulator/WWFChallenge7.build/WWFChallenge7.app-Simulated.xcent (in target 'WWFChallenge7' from project 'WWFChallenge7')
    cd /Users/lucapagano/Desktop/WWFUserAndManaging/AppUserWWF
    
    Entitlements:
    
    {
    "application-identifier" = "8N4C584W7L.com.lucapagano.WWFChallenge7";
}
    
    builtin-productPackagingUtility -entitlements -format xml -o /Users/lucapagano/Library/Developer/Xcode/DerivedData/WWFChallenge7-cfydqwbbzpiusnddzyowdqjkiwqg/Build/Intermediates.noindex/WWFChallenge7.build/Debug-iphonesimulator/WWFChallenge7.build/WWFChallenge7.app-Simulated.xcent

ProcessProductPackagingDER /Users/lucapagano/Library/Developer/Xcode/DerivedData/WWFChallenge7-cfydqwbbzpiusnddzyowdqjkiwqg/Build/Intermediates.noindex/WWFChallenge7.build/Debug-iphonesimulator/WWFChallenge7.build/WWFChallenge7.app-Simulated.xcent /Users/lucapagano/Library/Developer/Xcode/DerivedData/WWFChallenge7-cfydqwbbzpiusnddzyowdqjkiwqg/Build/Intermediates.noindex/WWFChallenge7.build/Debug-iphonesimulator/WWFChallenge7.build/WWFChallenge7.app-Simulated.xcent.der (in target 'WWFChallenge7' from project 'WWFChallenge7')
    cd /Users/lucapagano/Desktop/WWFUserAndManaging/AppUserWWF
    /usr/bin/derq query -f xml -i /Users/lucapagano/Library/Developer/Xcode/DerivedData/WWFChallenge7-cfydqwbbzpiusnddzyowdqjkiwqg/Build/Intermediates.noindex/WWFChallenge7.build/Debug-iphonesimulator/WWFChallenge7.build/WWFChallenge7.app-Simulated.xcent -o /Users/lucapagano/Library/Developer/Xcode/DerivedData/WWFChallenge7-cfydqwbbzpiusnddzyowdqjkiwqg/Build/Intermediates.noindex/WWFChallenge7.build/Debug-iphonesimulator/WWFChallenge7.build/WWFChallenge7.app-Simulated.xcent.der --raw

ClangStatCache /Applications/Xcode.app/Contents/Developer/Toolchains/XcodeDefault.xctoolchain/usr/bin/clang-stat-cache /Applications/Xcode.app/Contents/Developer/Platforms/iPhoneSimulator.platform/Developer/SDKs/iPhoneSimulator26.0.sdk /Users/lucapagano/Library/Developer/Xcode/DerivedData/SDKStatCaches.noindex/iphonesimulator26.0-23A339-26257891a6c027eb51374368541b8346.sdkstatcache
    cd /Users/lucapagano/Desktop/WWFUserAndManaging/AppUserWWF/WWFChallenge7.xcodeproj
    /Applications/Xcode.app/Contents/Developer/Toolchains/XcodeDefault.xctoolchain/usr/bin/clang-stat-cache /Applications/Xcode.app/Contents/Developer/Platforms/iPhoneSimulator.platform/Developer/SDKs/iPhoneSimulator26.0.sdk -o /Users/lucapagano/Library/Developer/Xcode/DerivedData/SDKStatCaches.noindex/iphonesimulator26.0-23A339-26257891a6c027eb51374368541b8346.sdkstatcache

Ld /Users/lucapagano/Library/Developer/Xcode/DerivedData/WWFChallenge7-cfydqwbbzpiusnddzyowdqjkiwqg/Build/Products/Debug-iphonesimulator/WWFChallenge7.app/WWFChallenge7.debug.dylib normal (in target 'WWFChallenge7' from project 'WWFChallenge7')
    cd /Users/lucapagano/Desktop/WWFUserAndManaging/AppUserWWF
    /Applications/Xcode.app/Contents/Developer/Toolchains/XcodeDefault.xctoolchain/usr/bin/clang -Xlinker -reproducible -target arm64-apple-ios26.0-simulator -dynamiclib -isysroot /Applications/Xcode.app/Contents/Developer/Platforms/iPhoneSimulator.platform/Developer/SDKs/iPhoneSimulator26.0.sdk -O0 -L/Users/lucapagano/Library/Developer/Xcode/DerivedData/WWFChallenge7-cfydqwbbzpiusnddzyowdqjkiwqg/Build/Intermediates.noindex/EagerLinkingTBDs/Debug-iphonesimulator -L/Users/lucapagano/Library/Developer/Xcode/DerivedData/WWFChallenge7-cfydqwbbzpiusnddzyowdqjkiwqg/Build/Products/Debug-iphonesimulator -F/Users/lucapagano/Library/Developer/Xcode/DerivedData/WWFChallenge7-cfydqwbbzpiusnddzyowdqjkiwqg/Build/Intermediates.noindex/EagerLinkingTBDs/Debug-iphonesimulator -F/Users/lucapagano/Library/Developer/Xcode/DerivedData/WWFChallenge7-cfydqwbbzpiusnddzyowdqjkiwqg/Build/Products/Debug-iphonesimulator -filelist /Users/lucapagano/Library/Developer/Xcode/DerivedData/WWFChallenge7-cfydqwbbzpiusnddzyowdqjkiwqg/Build/Intermediates.noindex/WWFChallenge7.build/Debug-iphonesimulator/WWFChallenge7.build/Objects-normal/arm64/WWFChallenge7.LinkFileList -install_name @rpath/WWFChallenge7.debug.dylib -Xlinker -rpath -Xlinker @executable_path/Frameworks -dead_strip -Xlinker -object_path_lto -Xlinker /Users/lucapagano/Library/Developer/Xcode/DerivedData/WWFChallenge7-cfydqwbbzpiusnddzyowdqjkiwqg/Build/Intermediates.noindex/WWFChallenge7.build/Debug-iphonesimulator/WWFChallenge7.build/Objects-normal/arm64/WWFChallenge7_lto.o -rdynamic -Xlinker -no_deduplicate -Xlinker -objc_abi_version -Xlinker 2 -Xlinker -dependency_info -Xlinker /Users/lucapagano/Library/Developer/Xcode/DerivedData/WWFChallenge7-cfydqwbbzpiusnddzyowdqjkiwqg/Build/Intermediates.noindex/WWFChallenge7.build/Debug-iphonesimulator/WWFChallenge7.build/Objects-normal/arm64/WWFChallenge7_dependency_info.dat -fobjc-link-runtime -L/Applications/Xcode.app/Contents/Developer/Toolchains/XcodeDefault.xctoolchain/usr/lib/swift/iphonesimulator -L/usr/lib/swift -Xlinker -add_ast_path -Xlinker /Users/lucapagano/Library/Developer/Xcode/DerivedData/WWFChallenge7-cfydqwbbzpiusnddzyowdqjkiwqg/Build/Intermediates.noindex/WWFChallenge7.build/Debug-iphonesimulator/WWFChallenge7.build/Objects-normal/arm64/WWFChallenge7.swiftmodule @/Users/lucapagano/Library/Developer/Xcode/DerivedData/WWFChallenge7-cfydqwbbzpiusnddzyowdqjkiwqg/Build/Intermediates.noindex/WWFChallenge7.build/Debug-iphonesimulator/WWFChallenge7.build/Objects-normal/arm64/WWFChallenge7-linker-args.resp -Xlinker -alias -Xlinker _main -Xlinker ___debug_main_executable_dylib_entry_point -Xlinker -no_adhoc_codesign -o /Users/lucapagano/Library/Developer/Xcode/DerivedData/WWFChallenge7-cfydqwbbzpiusnddzyowdqjkiwqg/Build/Products/Debug-iphonesimulator/WWFChallenge7.app/WWFChallenge7.debug.dylib

ProcessInfoPlistFile /Users/lucapagano/Library/Developer/Xcode/DerivedData/WWFChallenge7-cfydqwbbzpiusnddzyowdqjkiwqg/Build/Products/Debug-iphonesimulator/WWFChallenge7.app/Info.plist /Users/lucapagano/Desktop/WWFUserAndManaging/AppUserWWF/WWFChallenge7/Info.plist (in target 'WWFChallenge7' from project 'WWFChallenge7')
    cd /Users/lucapagano/Desktop/WWFUserAndManaging/AppUserWWF
    builtin-infoPlistUtility /Users/lucapagano/Desktop/WWFUserAndManaging/AppUserWWF/WWFChallenge7/Info.plist -producttype com.apple.product-type.application -genpkginfo /Users/lucapagano/Library/Developer/Xcode/DerivedData/WWFChallenge7-cfydqwbbzpiusnddzyowdqjkiwqg/Build/Products/Debug-iphonesimulator/WWFChallenge7.app/PkgInfo -expandbuildsettings -format binary -platform iphonesimulator -additionalcontentfile /Users/lucapagano/Library/Developer/Xcode/DerivedData/WWFChallenge7-cfydqwbbzpiusnddzyowdqjkiwqg/Build/Intermediates.noindex/WWFChallenge7.build/Debug-iphonesimulator/WWFChallenge7.build/assetcatalog_generated_info.plist -o /Users/lucapagano/Library/Developer/Xcode/DerivedData/WWFChallenge7-cfydqwbbzpiusnddzyowdqjkiwqg/Build/Products/Debug-iphonesimulator/WWFChallenge7.app/Info.plist

ConstructStubExecutorLinkFileList /Users/lucapagano/Library/Developer/Xcode/DerivedData/WWFChallenge7-cfydqwbbzpiusnddzyowdqjkiwqg/Build/Intermediates.noindex/WWFChallenge7.build/Debug-iphonesimulator/WWFChallenge7.build/WWFChallenge7-ExecutorLinkFileList-normal-arm64.txt (in target 'WWFChallenge7' from project 'WWFChallenge7')
    cd /Users/lucapagano/Desktop/WWFUserAndManaging/AppUserWWF
    construct-stub-executor-link-file-list /Users/lucapagano/Library/Developer/Xcode/DerivedData/WWFChallenge7-cfydqwbbzpiusnddzyowdqjkiwqg/Build/Products/Debug-iphonesimulator/WWFChallenge7.app/WWFChallenge7.debug.dylib /Applications/Xcode.app/Contents/Developer/Platforms/iPhoneSimulator.platform/Developer/usr/lib/libPreviewsJITStubExecutor_no_swift_entry_point.a /Applications/Xcode.app/Contents/Developer/Platforms/iPhoneSimulator.platform/Developer/usr/lib/libPreviewsJITStubExecutor.a --output /Users/lucapagano/Library/Developer/Xcode/DerivedData/WWFChallenge7-cfydqwbbzpiusnddzyowdqjkiwqg/Build/Intermediates.noindex/WWFChallenge7.build/Debug-iphonesimulator/WWFChallenge7.build/WWFChallenge7-ExecutorLinkFileList-normal-arm64.txt
note: Using stub executor library with Swift entry point. (in target 'WWFChallenge7' from project 'WWFChallenge7')

Ld /Users/lucapagano/Library/Developer/Xcode/DerivedData/WWFChallenge7-cfydqwbbzpiusnddzyowdqjkiwqg/Build/Products/Debug-iphonesimulator/WWFChallenge7.app/WWFChallenge7 normal (in target 'WWFChallenge7' from project 'WWFChallenge7')
    cd /Users/lucapagano/Desktop/WWFUserAndManaging/AppUserWWF
    /Applications/Xcode.app/Contents/Developer/Toolchains/XcodeDefault.xctoolchain/usr/bin/clang -Xlinker -reproducible -target arm64-apple-ios26.0-simulator -isysroot /Applications/Xcode.app/Contents/Developer/Platforms/iPhoneSimulator.platform/Developer/SDKs/iPhoneSimulator26.0.sdk -O0 -L/Users/lucapagano/Library/Developer/Xcode/DerivedData/WWFChallenge7-cfydqwbbzpiusnddzyowdqjkiwqg/Build/Products/Debug-iphonesimulator -F/Users/lucapagano/Library/Developer/Xcode/DerivedData/WWFChallenge7-cfydqwbbzpiusnddzyowdqjkiwqg/Build/Products/Debug-iphonesimulator -Xlinker -rpath -Xlinker @executable_path -Xlinker -rpath -Xlinker @executable_path/Frameworks -rdynamic -Xlinker -no_deduplicate -Xlinker -objc_abi_version -Xlinker 2 -e ___debug_blank_executor_main -Xlinker -sectcreate -Xlinker __TEXT -Xlinker __debug_dylib -Xlinker /Users/lucapagano/Library/Developer/Xcode/DerivedData/WWFChallenge7-cfydqwbbzpiusnddzyowdqjkiwqg/Build/Intermediates.noindex/WWFChallenge7.build/Debug-iphonesimulator/WWFChallenge7.build/WWFChallenge7-DebugDylibPath-normal-arm64.txt -Xlinker -sectcreate -Xlinker __TEXT -Xlinker __debug_instlnm -Xlinker /Users/lucapagano/Library/Developer/Xcode/DerivedData/WWFChallenge7-cfydqwbbzpiusnddzyowdqjkiwqg/Build/Intermediates.noindex/WWFChallenge7.build/Debug-iphonesimulator/WWFChallenge7.build/WWFChallenge7-DebugDylibInstallName-normal-arm64.txt -Xlinker -filelist -Xlinker /Users/lucapagano/Library/Developer/Xcode/DerivedData/WWFChallenge7-cfydqwbbzpiusnddzyowdqjkiwqg/Build/Intermediates.noindex/WWFChallenge7.build/Debug-iphonesimulator/WWFChallenge7.build/WWFChallenge7-ExecutorLinkFileList-normal-arm64.txt -Xlinker -sectcreate -Xlinker __TEXT -Xlinker __entitlements -Xlinker /Users/lucapagano/Library/Developer/Xcode/DerivedData/WWFChallenge7-cfydqwbbzpiusnddzyowdqjkiwqg/Build/Intermediates.noindex/WWFChallenge7.build/Debug-iphonesimulator/WWFChallenge7.build/WWFChallenge7.app-Simulated.xcent -Xlinker -sectcreate -Xlinker __TEXT -Xlinker __ents_der -Xlinker /Users/lucapagano/Library/Developer/Xcode/DerivedData/WWFChallenge7-cfydqwbbzpiusnddzyowdqjkiwqg/Build/Intermediates.noindex/WWFChallenge7.build/Debug-iphonesimulator/WWFChallenge7.build/WWFChallenge7.app-Simulated.xcent.der /Users/lucapagano/Library/Developer/Xcode/DerivedData/WWFChallenge7-cfydqwbbzpiusnddzyowdqjkiwqg/Build/Products/Debug-iphonesimulator/WWFChallenge7.app/WWFChallenge7.debug.dylib -Xlinker -no_adhoc_codesign -o /Users/lucapagano/Library/Developer/Xcode/DerivedData/WWFChallenge7-cfydqwbbzpiusnddzyowdqjkiwqg/Build/Products/Debug-iphonesimulator/WWFChallenge7.app/WWFChallenge7

CopySwiftLibs /Users/lucapagano/Library/Developer/Xcode/DerivedData/WWFChallenge7-cfydqwbbzpiusnddzyowdqjkiwqg/Build/Products/Debug-iphonesimulator/WWFChallenge7.app (in target 'WWFChallenge7' from project 'WWFChallenge7')
    cd /Users/lucapagano/Desktop/WWFUserAndManaging/AppUserWWF
    builtin-swiftStdLibTool --copy --verbose --sign - --scan-executable /Users/lucapagano/Library/Developer/Xcode/DerivedData/WWFChallenge7-cfydqwbbzpiusnddzyowdqjkiwqg/Build/Products/Debug-iphonesimulator/WWFChallenge7.app/WWFChallenge7.debug.dylib --scan-folder /Users/lucapagano/Library/Developer/Xcode/DerivedData/WWFChallenge7-cfydqwbbzpiusnddzyowdqjkiwqg/Build/Products/Debug-iphonesimulator/WWFChallenge7.app/Frameworks --scan-folder /Users/lucapagano/Library/Developer/Xcode/DerivedData/WWFChallenge7-cfydqwbbzpiusnddzyowdqjkiwqg/Build/Products/Debug-iphonesimulator/WWFChallenge7.app/PlugIns --scan-folder /Users/lucapagano/Library/Developer/Xcode/DerivedData/WWFChallenge7-cfydqwbbzpiusnddzyowdqjkiwqg/Build/Products/Debug-iphonesimulator/WWFChallenge7.app/SystemExtensions --scan-folder /Users/lucapagano/Library/Developer/Xcode/DerivedData/WWFChallenge7-cfydqwbbzpiusnddzyowdqjkiwqg/Build/Products/Debug-iphonesimulator/WWFChallenge7.app/Extensions --platform iphonesimulator --toolchain /Applications/Xcode.app/Contents/Developer/Toolchains/XcodeDefault.xctoolchain --destination /Users/lucapagano/Library/Developer/Xcode/DerivedData/WWFChallenge7-cfydqwbbzpiusnddzyowdqjkiwqg/Build/Products/Debug-iphonesimulator/WWFChallenge7.app/Frameworks --strip-bitcode --strip-bitcode-tool /Applications/Xcode.app/Contents/Developer/Toolchains/XcodeDefault.xctoolchain/usr/bin/bitcode_strip --emit-dependency-info /Users/lucapagano/Library/Developer/Xcode/DerivedData/WWFChallenge7-cfydqwbbzpiusnddzyowdqjkiwqg/Build/Intermediates.noindex/WWFChallenge7.build/Debug-iphonesimulator/WWFChallenge7.build/SwiftStdLibToolInputDependencies.dep --filter-for-swift-os

ExtractAppIntentsMetadata (in target 'WWFChallenge7' from project 'WWFChallenge7')
    cd /Users/lucapagano/Desktop/WWFUserAndManaging/AppUserWWF
    /Applications/Xcode.app/Contents/Developer/Toolchains/XcodeDefault.xctoolchain/usr/bin/appintentsmetadataprocessor --toolchain-dir /Applications/Xcode.app/Contents/Developer/Toolchains/XcodeDefault.xctoolchain --module-name WWFChallenge7 --sdk-root /Applications/Xcode.app/Contents/Developer/Platforms/iPhoneSimulator.platform/Developer/SDKs/iPhoneSimulator26.0.sdk --xcode-version 17A400 --platform-family iOS --deployment-target 26.0 --bundle-identifier com.lucapagano.WWFChallenge7 --output /Users/lucapagano/Library/Developer/Xcode/DerivedData/WWFChallenge7-cfydqwbbzpiusnddzyowdqjkiwqg/Build/Products/Debug-iphonesimulator/WWFChallenge7.app --target-triple arm64-apple-ios26.0-simulator --binary-file /Users/lucapagano/Library/Developer/Xcode/DerivedData/WWFChallenge7-cfydqwbbzpiusnddzyowdqjkiwqg/Build/Products/Debug-iphonesimulator/WWFChallenge7.app/WWFChallenge7 --dependency-file /Users/lucapagano/Library/Developer/Xcode/DerivedData/WWFChallenge7-cfydqwbbzpiusnddzyowdqjkiwqg/Build/Intermediates.noindex/WWFChallenge7.build/Debug-iphonesimulator/WWFChallenge7.build/Objects-normal/arm64/WWFChallenge7_dependency_info.dat --stringsdata-file /Users/lucapagano/Library/Developer/Xcode/DerivedData/WWFChallenge7-cfydqwbbzpiusnddzyowdqjkiwqg/Build/Intermediates.noindex/WWFChallenge7.build/Debug-iphonesimulator/WWFChallenge7.build/Objects-normal/arm64/ExtractedAppShortcutsMetadata.stringsdata --source-file-list /Users/lucapagano/Library/Developer/Xcode/DerivedData/WWFChallenge7-cfydqwbbzpiusnddzyowdqjkiwqg/Build/Intermediates.noindex/WWFChallenge7.build/Debug-iphonesimulator/WWFChallenge7.build/Objects-normal/arm64/WWFChallenge7.SwiftFileList --metadata-file-list /Users/lucapagano/Library/Developer/Xcode/DerivedData/WWFChallenge7-cfydqwbbzpiusnddzyowdqjkiwqg/Build/Intermediates.noindex/WWFChallenge7.build/Debug-iphonesimulator/WWFChallenge7.build/WWFChallenge7.DependencyMetadataFileList --static-metadata-file-list /Users/lucapagano/Library/Developer/Xcode/DerivedData/WWFChallenge7-cfydqwbbzpiusnddzyowdqjkiwqg/Build/Intermediates.noindex/WWFChallenge7.build/Debug-iphonesimulator/WWFChallenge7.build/WWFChallenge7.DependencyStaticMetadataFileList --swift-const-vals-list /Users/lucapagano/Library/Developer/Xcode/DerivedData/WWFChallenge7-cfydqwbbzpiusnddzyowdqjkiwqg/Build/Intermediates.noindex/WWFChallenge7.build/Debug-iphonesimulator/WWFChallenge7.build/Objects-normal/arm64/WWFChallenge7.SwiftConstValuesFileList --compile-time-extraction --deployment-aware-processing --validate-assistant-intents --no-app-shortcuts-localization
2026-05-15 14:17:34.754 appintentsmetadataprocessor[60712:1936468] Starting appintentsmetadataprocessor export
2026-05-15 14:17:34.755 appintentsmetadataprocessor[60712:1936468] warning: Metadata extraction skipped. No AppIntents.framework dependency found.

CodeSign /Users/lucapagano/Library/Developer/Xcode/DerivedData/WWFChallenge7-cfydqwbbzpiusnddzyowdqjkiwqg/Build/Products/Debug-iphonesimulator/WWFChallenge7.app/WWFChallenge7.debug.dylib (in target 'WWFChallenge7' from project 'WWFChallenge7')
    cd /Users/lucapagano/Desktop/WWFUserAndManaging/AppUserWWF
    
    Signing Identity:     "Sign to Run Locally"
    
    /usr/bin/codesign --force --sign - --timestamp\=none --generate-entitlement-der /Users/lucapagano/Library/Developer/Xcode/DerivedData/WWFChallenge7-cfydqwbbzpiusnddzyowdqjkiwqg/Build/Products/Debug-iphonesimulator/WWFChallenge7.app/WWFChallenge7.debug.dylib

CodeSign /Users/lucapagano/Library/Developer/Xcode/DerivedData/WWFChallenge7-cfydqwbbzpiusnddzyowdqjkiwqg/Build/Products/Debug-iphonesimulator/WWFChallenge7.app (in target 'WWFChallenge7' from project 'WWFChallenge7')
    cd /Users/lucapagano/Desktop/WWFUserAndManaging/AppUserWWF
    
    Signing Identity:     "Sign to Run Locally"
    
    /usr/bin/codesign --force --sign - --timestamp\=none --generate-entitlement-der /Users/lucapagano/Library/Developer/Xcode/DerivedData/WWFChallenge7-cfydqwbbzpiusnddzyowdqjkiwqg/Build/Products/Debug-iphonesimulator/WWFChallenge7.app

Validate /Users/lucapagano/Library/Developer/Xcode/DerivedData/WWFChallenge7-cfydqwbbzpiusnddzyowdqjkiwqg/Build/Products/Debug-iphonesimulator/WWFChallenge7.app (in target 'WWFChallenge7' from project 'WWFChallenge7')
    cd /Users/lucapagano/Desktop/WWFUserAndManaging/AppUserWWF
    builtin-validationUtility /Users/lucapagano/Library/Developer/Xcode/DerivedData/WWFChallenge7-cfydqwbbzpiusnddzyowdqjkiwqg/Build/Products/Debug-iphonesimulator/WWFChallenge7.app -shallow-bundle -infoplist-subpath Info.plist

** BUILD SUCCEEDED **

